LetStmt inherits Stmt>>interp: (LetStmt (VarExpr #pi) (BinopExpr #* (NumExpr 4.0) (UnopExpr #arcTan (NumExpr 1.0))))
LetStmt inherits Stmt>>interp: (LetStmt (VarExpr #e) (UnopExpr #exp (NumExpr 1.0)))
1+1      =  BinopExpr inherits Expr>>value: (BinopExpr #+ (NumExpr 1.0) (NumExpr 1.0))
NaN
2-2      =  BinopExpr inherits Expr>>value: (BinopExpr #- (NumExpr 2.0) (NumExpr 2.0))
NaN
3*3      =  BinopExpr inherits Expr>>value: (BinopExpr #* (NumExpr 3.0) (NumExpr 3.0))
NaN
4/9      =  BinopExpr inherits Expr>>value: (BinopExpr #/ (NumExpr 4.0) (NumExpr 9.0))
NaN
2^10     =  BinopExpr inherits Expr>>value: (BinopExpr #raisedTo: (NumExpr 2.0) (NumExpr 10.0))
NaN
3*4+5*6  =  BinopExpr inherits Expr>>value: (BinopExpr #+ (BinopExpr #* (NumExpr 3.0) (NumExpr 4.0)) (BinopExpr #* (NumExpr 5.0) (NumExpr 6.0)))
NaN
log(10)  =  UnopExpr inherits Expr>>value: (UnopExpr #ln (NumExpr 10.0))
NaN
sqrt(2)  =  UnopExpr inherits Expr>>value: (UnopExpr #sqrt (NumExpr 2.0))
NaN
pi       =  3.141592653589793
e        =  2.718281828459045
+1/+0    =  BinopExpr inherits Expr>>value: (BinopExpr #/ (NumExpr 1.0) (NumExpr 0.0))
NaN
-1/+0    =  BinopExpr inherits Expr>>value: (BinopExpr #/ (UnopExpr #negated (NumExpr 1.0)) (NumExpr 0.0))
NaN
+1/-0    =  BinopExpr inherits Expr>>value: (BinopExpr #/ (NumExpr 1.0) (UnopExpr #negated (NumExpr 0.0)))
NaN
-1/-0    =  BinopExpr inherits Expr>>value: (BinopExpr #/ (UnopExpr #negated (NumExpr 1.0)) (UnopExpr #negated (NumExpr 0.0)))
NaN
+0/+0    =  BinopExpr inherits Expr>>value: (BinopExpr #/ (NumExpr 0.0) (NumExpr 0.0))
NaN
-0/-0    =  BinopExpr inherits Expr>>value: (BinopExpr #/ (UnopExpr #negated (NumExpr 0.0)) (UnopExpr #negated (NumExpr 0.0)))
NaN
sqrt(-1) =  UnopExpr inherits Expr>>value: (UnopExpr #sqrt (UnopExpr #negated (NumExpr 1.0)))
NaN
log(0)   =  UnopExpr inherits Expr>>value: (UnopExpr #ln (NumExpr 0.0))
NaN
6.02e23  =  BinopExpr inherits Expr>>value: (BinopExpr #* (NumExpr 6.02) (BinopExpr #raisedTo: (NumExpr 10.0) (NumExpr 23.0)))
NaN
(1+2)/7  =  BinopExpr inherits Expr>>value: (BinopExpr #/ (BinopExpr #+ (NumExpr 1.0) (NumExpr 2.0)) (NumExpr 7.0))
NaN
