LetStmt inherits Stmt>>interp: (LetStmt (VarExpr #size) (NumExpr 100.0))
DimStmt inherits Stmt>>interp: (DimStmt (ArrayExpr #a) (VarExpr #size))
LetStmt inherits Stmt>>interp: (LetStmt (VarExpr #max) (NumExpr 0.0))
Object: FileStream new "<0x7fe209365320>" error: interrupted!!!
SystemExceptions.UserInterrupt(Exception)>>signal (ExcHandling.st:254)
SystemExceptions.UserInterrupt class(Exception class)>>signal (ExcHandling.st:151)
FileStream(Object)>>userInterrupt (Object.st:1414)
FileStream(FileDescriptor)>>ensureReadable (FileDescr.st:543)
FileStream(FileDescriptor)>>atEnd (FileDescr.st:702)
FileStream>>atEnd (FileStream.st:532)
NumberStream>>nextNumber (mbint.st:25)
optimized [] in InputStmt>>interp (mbint.st:210)
Array(SequenceableCollection)>>do: (SeqCollect.st:827)
InputStmt>>interp (mbint.st:208)
[] in Interpreter>>interpret (mbint.st:296)
BlockClosure>>whileTrue: (BlkClosure.st:328)
Interpreter>>interpret (mbint.st:288)
[] in Main class>>main (mbint.st:344)
BlockClosure>>on:do: (BlkClosure.st:193)
Main class>>main (mbint.st:345)
UndefinedObject>>executeStatements (mbint.st:353)
